<?xml version="1.0" encoding="UTF-8"?>
<!-- Generated by org.testng.reporters.JUnitReportReporter -->
<testsuite skipped="11" hostname="DESKTOP-66SMMT5" name="com.test.LoginPageTest" tests="12" failures="0" timestamp="21 Jan 2021 07:11:32 GMT" time="0.243" errors="1">
  <testcase name="openBrowser" time="0.243" classname="com.test.LoginPageTest">
    <error type="java.lang.IllegalStateException" message="The driver executable does not exist: C:\Users\chromedriver.exe">
      <![CDATA[java.lang.IllegalStateException: The driver executable does not exist: C:\Users\chromedriver.exe
at com.google.common.base.Preconditions.checkState(Preconditions.java:585)
at org.openqa.selenium.remote.service.DriverService.checkExecutable(DriverService.java:146)
at org.openqa.selenium.remote.service.DriverService.findExecutable(DriverService.java:141)
at org.openqa.selenium.chrome.ChromeDriverService.access$000(ChromeDriverService.java:35)
at org.openqa.selenium.chrome.ChromeDriverService$Builder.findDefaultExecutable(ChromeDriverService.java:159)
at org.openqa.selenium.remote.service.DriverService$Builder.build(DriverService.java:355)
at org.openqa.selenium.chrome.ChromeDriverService.createDefaultService(ChromeDriverService.java:94)
at org.openqa.selenium.chrome.ChromeDriver.<init>(ChromeDriver.java:123)
at com.test.LoginPageTest.openBrowser(LoginPageTest.java:19)
at sun.reflect.NativeMethodAccessorImpl.invoke0(Native Method)
at sun.reflect.NativeMethodAccessorImpl.invoke(NativeMethodAccessorImpl.java:62)
at sun.reflect.DelegatingMethodAccessorImpl.invoke(DelegatingMethodAccessorImpl.java:43)
at java.lang.reflect.Method.invoke(Method.java:498)
at org.testng.internal.MethodInvocationHelper.invokeMethod(MethodInvocationHelper.java:124)
at org.testng.internal.MethodInvocationHelper.invokeMethodConsideringTimeout(MethodInvocationHelper.java:59)
at org.testng.internal.Invoker.invokeConfigurationMethod(Invoker.java:458)
at org.testng.internal.Invoker.invokeConfigurations(Invoker.java:222)
at org.testng.internal.Invoker.invokeMethod(Invoker.java:523)
at org.testng.internal.Invoker.invokeTestMethod(Invoker.java:719)
at org.testng.internal.Invoker.invokeTestMethods(Invoker.java:989)
at org.testng.internal.TestMethodWorker.invokeTestMethods(TestMethodWorker.java:125)
at org.testng.internal.TestMethodWorker.run(TestMethodWorker.java:109)
at org.testng.TestRunner.privateRun(TestRunner.java:648)
at org.testng.TestRunner.run(TestRunner.java:505)
at org.testng.SuiteRunner.runTest(SuiteRunner.java:455)
at org.testng.SuiteRunner.runSequentially(SuiteRunner.java:450)
at org.testng.SuiteRunner.privateRun(SuiteRunner.java:415)
at org.testng.SuiteRunner.run(SuiteRunner.java:364)
at org.testng.SuiteRunnerWorker.runSuite(SuiteRunnerWorker.java:52)
at org.testng.SuiteRunnerWorker.run(SuiteRunnerWorker.java:84)
at org.testng.TestNG.runSuitesSequentially(TestNG.java:1208)
at org.testng.TestNG.runSuitesLocally(TestNG.java:1137)
at org.testng.TestNG.runSuites(TestNG.java:1049)
at org.testng.TestNG.run(TestNG.java:1017)
at org.testng.remote.AbstractRemoteTestNG.run(AbstractRemoteTestNG.java:115)
at org.testng.remote.RemoteTestNG.initAndRun(RemoteTestNG.java:251)
at org.testng.remote.RemoteTestNG.main(RemoteTestNG.java:77)
]]>
    </error>
  </testcase> <!-- openBrowser -->
  <testcase name="verifyTitle" time="0.000" classname="com.test.LoginPageTest">
    <skipped/>
  </testcase> <!-- verifyTitle -->
  <testcase name="loginCorrectData" time="0.000" classname="com.test.LoginPageTest">
    <skipped/>
  </testcase> <!-- loginCorrectData -->
  <testcase name="checkErrorMail" time="0.000" classname="com.test.LoginPageTest">
    <skipped/>
  </testcase> <!-- checkErrorMail -->
  <testcase name="checkErrorpasswd" time="0.000" classname="com.test.LoginPageTest">
    <skipped/>
  </testcase> <!-- checkErrorpasswd -->
  <testcase name="verifyHeading" time="0.000" classname="com.test.LoginPageTest">
    <skipped/>
  </testcase> <!-- verifyHeading -->
  <testcase name="verifySubHeading" time="0.000" classname="com.test.LoginPageTest">
    <skipped/>
  </testcase> <!-- verifySubHeading -->
  <testcase name="verifylogo" time="0.000" classname="com.test.LoginPageTest">
    <skipped/>
  </testcase> <!-- verifylogo -->
  <testcase name="checkBlankEmailError" time="0.000" classname="com.test.LoginPageTest">
    <skipped/>
  </testcase> <!-- checkBlankEmailError -->
  <testcase name="checkBlankPasswordError" time="0.000" classname="com.test.LoginPageTest">
    <skipped/>
  </testcase> <!-- checkBlankPasswordError -->
  <testcase name="verifyRegNewMemLink" time="0.000" classname="com.test.LoginPageTest">
    <skipped/>
  </testcase> <!-- verifyRegNewMemLink -->
  <testcase name="registerNewMember" time="0.000" classname="com.test.LoginPageTest">
    <skipped/>
  </testcase> <!-- registerNewMember -->
</testsuite> <!-- com.test.LoginPageTest -->
